<?xml version="1.0" encoding="UTF-8"?>
<!-- Generated by org.testng.reporters.JUnitXMLReporter -->
<testsuite ignored="1" hostname="DESKTOP-BRRH2CJ" failures="0" tests="2" name="Smoke Test" time="10.628" errors="0" timestamp="28 Oct 2021 15:11:58 GMT">
  <testcase classname="com.plan.test.LoginPageTest" name="verifyItemsInthecart" time="2.48"/>
  <testcase classname="com.plan.test.LoginPageTest" name="verifyItemsInTheCartAndSubTotal" time="1.983"/>
  <testcase classname="com.plan.test.LoginPageTest" name="verifyEndtoEndFlowForErrorAndSuccessForSubmition" time="0.0">
    <ignored/>
  </testcase> <!-- verifyEndtoEndFlowForErrorAndSuccessForSubmition -->
</testsuite> <!-- Smoke Test -->
