<?xml version="1.0" encoding="UTF-8"?>
<testng-results ignored="1" total="3" passed="2" failed="0" skipped="0">
  <reporter-output>
  </reporter-output>
  <suite started-at="2021-10-28T15:11:48Z" name="Shopping kart" finished-at="2021-10-28T15:11:58Z" duration-ms="10628">
    <groups>
    </groups>
    <test started-at="2021-10-28T15:11:48Z" name="Smoke Test" finished-at="2021-10-28T15:11:58Z" duration-ms="10628">
      <class name="com.plan.test.LoginPageTest">
        <test-method is-config="true" signature="setup(java.lang.String)[pri:0, instance:com.plan.test.LoginPageTest@4e3958e7]" started-at="2021-10-28T20:41:48Z" name="setup" finished-at="2021-10-28T20:41:53Z" duration-ms="5346" status="PASS">
          <params>
            <param index="0">
              <value>
                <![CDATA[GC]]>
              </value>
            </param>
          </params>
          <reporter-output>
          </reporter-output>
        </test-method> <!-- setup -->
        <test-method signature="verifyItemsInthecart(java.lang.reflect.Method)[pri:1, instance:com.plan.test.LoginPageTest@4e3958e7]" started-at="2021-10-28T20:41:53Z" name="verifyItemsInthecart" description="Verify User is able to Add items to the cart" finished-at="2021-10-28T20:41:55Z" duration-ms="2480" status="PASS">
          <params>
            <param index="0">
              <value>
                <![CDATA[public void com.plan.test.LoginPageTest.verifyItemsInthecart(java.lang.reflect.Method) throws java.lang.Exception]]>
              </value>
            </param>
          </params>
          <reporter-output>
          </reporter-output>
        </test-method> <!-- verifyItemsInthecart -->
        <test-method signature="verifyItemsInTheCartAndSubTotal(java.lang.reflect.Method)[pri:2, instance:com.plan.test.LoginPageTest@4e3958e7]" started-at="2021-10-28T20:41:55Z" name="verifyItemsInTheCartAndSubTotal" description="Verify user is able to add to the cart and verify the subtotal" finished-at="2021-10-28T20:41:57Z" duration-ms="1983" status="PASS">
          <params>
            <param index="0">
              <value>
                <![CDATA[public void com.plan.test.LoginPageTest.verifyItemsInTheCartAndSubTotal(java.lang.reflect.Method) throws java.lang.Exception]]>
              </value>
            </param>
          </params>
          <reporter-output>
          </reporter-output>
        </test-method> <!-- verifyItemsInTheCartAndSubTotal -->
        <test-method is-config="true" signature="tearDown()[pri:0, instance:com.plan.test.LoginPageTest@4e3958e7]" started-at="2021-10-28T20:41:57Z" name="tearDown" finished-at="2021-10-28T20:41:58Z" duration-ms="788" status="PASS">
          <reporter-output>
          </reporter-output>
        </test-method> <!-- tearDown -->
      </class> <!-- com.plan.test.LoginPageTest -->
    </test> <!-- Smoke Test -->
  </suite> <!-- Shopping kart -->
</testng-results>
